{
  "RSpec": {
    "coverage": {
      "/Users/lcpulzone/turing/1module/projects/enigma/spec/enigma_practice_spec.rb": {
        "lines": [
          1,
          1,
          null,
          1,
          1,
          1,
          1,
          null,
          1,
          null,
          null,
          1,
          1,
          null,
          1,
          1,
          null,
          null,
          1,
          1,
          null,
          1,
          null,
          null,
          1,
          1,
          null,
          1,
          null,
          null,
          1,
          1,
          null,
          1,
          null,
          null,
          null
        ]
      },
      "/Users/lcpulzone/turing/1module/projects/enigma/lib/enigma_practice.rb": {
        "lines": [
          1,
          null,
          1,
          5,
          null,
          null,
          1,
          9,
          null,
          null,
          1,
          3,
          null,
          null
        ]
      }
    },
    "timestamp": 1619147996
  }
}
